<?xml version="1.0" encoding="UTF-8"?>
<testng-results ignored="7" total="8" passed="1" failed="0" skipped="0">
  <reporter-output>
  </reporter-output>
  <suite started-at="2022-05-19T15:58:59 PDT" name="Suite" finished-at="2022-05-19T15:59:13 PDT" duration-ms="14025">
    <groups>
    </groups>
    <test started-at="2022-05-19T15:58:59 PDT" name="firefox browser" finished-at="2022-05-19T15:59:13 PDT" duration-ms="14025">
      <class name="com.firebase.test.UserMenuDropDownScript">
        <test-method is-config="true" signature="initialTestSetup()[pri:0, instance:com.firebase.test.UserMenuDropDownScript@59309333]" started-at="2022-05-19T15:58:59 PDT" name="initialTestSetup" finished-at="2022-05-19T15:58:59 PDT" duration-ms="6" status="PASS">
          <reporter-output>
          </reporter-output>
        </test-method> <!-- initialTestSetup -->
        <test-method is-config="true" signature="setUp(java.lang.reflect.Method,java.lang.String)[pri:0, instance:com.firebase.test.UserMenuDropDownScript@59309333]" started-at="2022-05-19T15:58:59 PDT" name="setUp" finished-at="2022-05-19T15:59:02 PDT" duration-ms="3243" status="PASS">
          <params>
            <param index="0">
              <value>
                <![CDATA[public static void com.firebase.test.UserMenuDropDownScript.goToUserMenu() throws java.lang.InterruptedException]]>
              </value>
            </param>
            <param index="1">
              <value>
                <![CDATA[firefox]]>
              </value>
            </param>
          </params>
          <reporter-output>
          </reporter-output>
        </test-method> <!-- setUp -->
        <test-method signature="goToUserMenu()[pri:0, instance:com.firebase.test.UserMenuDropDownScript@59309333]" started-at="2022-05-19T15:59:02 PDT" name="goToUserMenu" finished-at="2022-05-19T15:59:11 PDT" duration-ms="9093" status="PASS">
          <reporter-output>
          </reporter-output>
        </test-method> <!-- goToUserMenu -->
        <test-method is-config="true" signature="closeAllWindows()[pri:0, instance:com.firebase.test.UserMenuDropDownScript@59309333]" started-at="2022-05-19T15:59:11 PDT" name="closeAllWindows" finished-at="2022-05-19T15:59:12 PDT" duration-ms="1342" status="PASS">
          <reporter-output>
          </reporter-output>
        </test-method> <!-- closeAllWindows -->
        <test-method is-config="true" signature="finalTestTearDown()[pri:0, instance:com.firebase.test.UserMenuDropDownScript@59309333]" started-at="2022-05-19T15:59:12 PDT" name="finalTestTearDown" finished-at="2022-05-19T15:59:13 PDT" duration-ms="204" status="PASS">
          <reporter-output>
          </reporter-output>
        </test-method> <!-- finalTestTearDown -->
      </class> <!-- com.firebase.test.UserMenuDropDownScript -->
    </test> <!-- firefox browser -->
  </suite> <!-- Suite -->
</testng-results>
