<?xml version="1.0" encoding="UTF-8"?>
<!-- Generated by org.testng.reporters.JUnitXMLReporter -->
<testsuite ignored="1" hostname="DESKTOP-PNQLD87" failures="0" tests="4" name="Default test" time="17.012" errors="0" timestamp="2022-06-16T14:39:53 PDT">
  <testcase classname="com.test.tests.TeckArchApiTestScriptE2E" name="TC_001_validLogin" time="4.796"/>
  <testcase classname="com.test.tests.TeckArchApiTestScriptE2E" name="TC_002_addUserData" time="2.876"/>
  <testcase classname="com.test.tests.TeckArchApiTestScriptE2E" name="TC_003_getUserData" time="5.335"/>
  <testcase classname="com.test.tests.TeckArchApiTestScriptE2E" name="TC_005_deleteUserData" time="2.131"/>
  <testcase classname="com.test.tests.TeckArchApiTestScriptE2E" name="TC_004_updateUserData" time="0.0">
    <ignored/>
  </testcase> <!-- TC_004_updateUserData -->
</testsuite> <!-- Default test -->
