<?xml version="1.0" encoding="UTF-8"?>
<!-- Generated by org.testng.reporters.JUnitXMLReporter -->
<testsuite ignored="1" hostname="DESKTOP-PNQLD87" failures="0" tests="4" name="Default test" time="13.587" errors="0" timestamp="2022-06-09T12:58:50 PDT">
  <testcase classname="com.test.tests.TeckArchApiTestScriptE2E" name="TC_001_validLogin" time="1.306"/>
  <testcase classname="com.test.tests.TeckArchApiTestScriptE2E" name="TC_002_addUserData" time="0.558"/>
  <testcase classname="com.test.tests.TeckArchApiTestScriptE2E" name="TC_003_getUserData" time="11.096"/>
  <testcase classname="com.test.tests.TeckArchApiTestScriptE2E" name="TC_005_deleteUserData" time="0.23"/>
  <testcase classname="com.test.tests.TeckArchApiTestScriptE2E" name="TC_004_updateUserData" time="0.0">
    <ignored/>
  </testcase> <!-- TC_004_updateUserData -->
</testsuite> <!-- Default test -->
