<?xml version="1.0" encoding="UTF-8"?>
<!-- Generated by org.testng.reporters.JUnitXMLReporter -->
<testsuite ignored="3" hostname="DESKTOP-PNQLD87" failures="0" tests="2" name="edge browser" time="20.665" errors="0" timestamp="2022-05-18T19:42:29 PDT">
  <testcase classname="com.firebase.test.AutomationScript" name="testCase1" time="9.922"/>
  <testcase classname="com.firebase.test.AutomationScript" name="testCase2" time="3.152"/>
  <testcase classname="com.firebase.test.AutomationScript" name="testCase4b" time="0.0">
    <ignored/>
  </testcase> <!-- testCase4b -->
  <testcase classname="com.firebase.test.AutomationScript" name="testCase3" time="0.0">
    <ignored/>
  </testcase> <!-- testCase3 -->
  <testcase classname="com.firebase.test.AutomationScript" name="testCase4a" time="0.0">
    <ignored/>
  </testcase> <!-- testCase4a -->
</testsuite> <!-- edge browser -->
