<?xml version="1.0" encoding="UTF-8"?>
<!-- Generated by org.testng.reporters.JUnitXMLReporter -->
<testsuite ignored="7" hostname="DESKTOP-PNQLD87" failures="0" tests="1" name="firefox browser" time="14.025" errors="0" timestamp="2022-05-19T15:59:13 PDT">
  <testcase classname="com.firebase.test.UserMenuDropDownScript" name="goToUserMenu" time="9.093"/>
  <testcase classname="com.firebase.test.UserMenuDropDownScript" name="testcase7" time="0.0">
    <ignored/>
  </testcase> <!-- testcase7 -->
  <testcase classname="com.firebase.test.UserMenuDropDownScript" name="testCase6" time="0.0">
    <ignored/>
  </testcase> <!-- testCase6 -->
  <testcase classname="com.firebase.test.UserMenuDropDownScript" name="testCase8" time="0.0">
    <ignored/>
  </testcase> <!-- testCase8 -->
  <testcase classname="com.firebase.test.UserMenuDropDownScript" name="testCase9" time="0.0">
    <ignored/>
  </testcase> <!-- testCase9 -->
  <testcase classname="com.firebase.test.UserMenuDropDownScript" name="testCase6c" time="0.0">
    <ignored/>
  </testcase> <!-- testCase6c -->
  <testcase classname="com.firebase.test.UserMenuDropDownScript" name="testCase6a" time="0.0">
    <ignored/>
  </testcase> <!-- testCase6a -->
  <testcase classname="com.firebase.test.UserMenuDropDownScript" name="testCase6b" time="0.0">
    <ignored/>
  </testcase> <!-- testCase6b -->
</testsuite> <!-- firefox browser -->
