<?xml version="1.0" encoding="UTF-8"?>
<!-- Generated by org.testng.reporters.JUnitXMLReporter -->
<testsuite ignored="0" hostname="DESKTOP-PNQLD87" failures="0" tests="5" name="Test1" time="38.956" errors="0" timestamp="2022-05-15T15:53:23 PDT">
  <testcase classname="com.firebase.test.AutomationScript" name="testCase1" time="0.859"/>
  <testcase classname="com.firebase.test.AutomationScript" name="testCase2" time="0.969"/>
  <testcase classname="com.firebase.test.AutomationScript" name="testCase3" time="12.087"/>
  <testcase classname="com.firebase.test.AutomationScript" name="testCase4a" time="1.616"/>
  <testcase classname="com.firebase.test.AutomationScript" name="testCase4b" time="0.539"/>
</testsuite> <!-- Test1 -->
